<?xml version="1.0" encoding="UTF-8"?>
<!-- Generated by org.testng.reporters.JUnitReportReporter -->
<testsuite skipped="3" hostname="DESKTOP-4SPMGIN" name="ej.modules.Login" tests="7" failures="0" timestamp="21 Mar 2019 07:38:49 GMT" time="61.615" errors="1">
  <testcase name="EnterUserNamePassword" time="19.963" classname="ej.modules.Login"/>
  <testcase name="EnterURL" time="0.000" classname="ej.modules.Login">
    <error type="org.testng.TestNGException" message="
Parameter &#039;url&#039; is required by @Test on method EnterURL but has not been marked @Optional or defined
in C:\Users\Dell\AppData\Local\Temp\testng-eclipse-1920025526\testng-customsuite.xml">
      <![CDATA[org.testng.TestNGException: 
Parameter 'url' is required by @Test on method EnterURL but has not been marked @Optional or defined
in C:\Users\Dell\AppData\Local\Temp\testng-eclipse-1920025526\testng-customsuite.xml
at org.testng.internal.Parameters.createParams(Parameters.java:290)
at org.testng.internal.Parameters.createParametersForMethod(Parameters.java:359)
at org.testng.internal.Parameters.createParameters(Parameters.java:620)
at org.testng.internal.Parameters.handleParameters(Parameters.java:769)
at org.testng.internal.ParameterHandler.handleParameters(ParameterHandler.java:49)
at org.testng.internal.ParameterHandler.createParameters(ParameterHandler.java:37)
at org.testng.internal.Invoker.invokeTestMethods(Invoker.java:924)
at org.testng.internal.TestMethodWorker.invokeTestMethods(TestMethodWorker.java:125)
at org.testng.internal.TestMethodWorker.run(TestMethodWorker.java:109)
at org.testng.TestRunner.privateRun(TestRunner.java:648)
at org.testng.TestRunner.run(TestRunner.java:505)
at org.testng.SuiteRunner.runTest(SuiteRunner.java:455)
at org.testng.SuiteRunner.runSequentially(SuiteRunner.java:450)
at org.testng.SuiteRunner.privateRun(SuiteRunner.java:415)
at org.testng.SuiteRunner.run(SuiteRunner.java:364)
at org.testng.SuiteRunnerWorker.runSuite(SuiteRunnerWorker.java:52)
at org.testng.SuiteRunnerWorker.run(SuiteRunnerWorker.java:84)
at org.testng.TestNG.runSuitesSequentially(TestNG.java:1208)
at org.testng.TestNG.runSuitesLocally(TestNG.java:1137)
at org.testng.TestNG.runSuites(TestNG.java:1049)
at org.testng.TestNG.run(TestNG.java:1017)
at org.testng.remote.AbstractRemoteTestNG.run(AbstractRemoteTestNG.java:114)
at org.testng.remote.RemoteTestNG.initAndRun(RemoteTestNG.java:251)
at org.testng.remote.RemoteTestNG.main(RemoteTestNG.java:77)
]]>
    </error>
  </testcase> <!-- EnterURL -->
  <testcase name="OpenBrowser" time="15.091" classname="ej.modules.Login"/>
  <testcase name="EnterUserName" time="0.000" classname="ej.modules.Login">
    <skipped/>
  </testcase> <!-- EnterUserName -->
  <testcase name="EnterPassword" time="0.000" classname="ej.modules.Login">
    <skipped/>
  </testcase> <!-- EnterPassword -->
  <testcase name="EnterUserNamePassword" time="26.561" classname="ej.modules.Login"/>
  <testcase name="ClickLoginButton" time="0.000" classname="ej.modules.Login">
    <skipped/>
  </testcase> <!-- ClickLoginButton -->
</testsuite> <!-- ej.modules.Login -->
